C:\USERS\XUNTER\DOCUMENTS\EDUCATION\MA_DISER\PRACTICE\THRESHOLDDECODING\CORE_LIBRARY\DEBUG\APP.RES
C:\USERS\XUNTER\DOCUMENTS\EDUCATION\MA_DISER\PRACTICE\THRESHOLDDECODING\CORE_LIBRARY\DEBUG\BASECLASS.OBJ
C:\USERS\XUNTER\DOCUMENTS\EDUCATION\MA_DISER\PRACTICE\THRESHOLDDECODING\CORE_LIBRARY\DEBUG\BINARYDATA.OBJ
C:\USERS\XUNTER\DOCUMENTS\EDUCATION\MA_DISER\PRACTICE\THRESHOLDDECODING\CORE_LIBRARY\DEBUG\BINARYMATRIX.OBJ
C:\USERS\XUNTER\DOCUMENTS\EDUCATION\MA_DISER\PRACTICE\THRESHOLDDECODING\CORE_LIBRARY\DEBUG\BITDATABLOCKGENERATOR.OBJ
C:\USERS\XUNTER\DOCUMENTS\EDUCATION\MA_DISER\PRACTICE\THRESHOLDDECODING\CORE_LIBRARY\DEBUG\BYTEUTIL.OBJ
C:\Users\xunter\Documents\Education\ma_diser\practice\ThresholdDecoding\core_library\Debug\cl.command.1.tlog
C:\Users\xunter\Documents\Education\ma_diser\practice\ThresholdDecoding\core_library\Debug\CL.read.1.tlog
C:\Users\xunter\Documents\Education\ma_diser\practice\ThresholdDecoding\core_library\Debug\CL.write.1.tlog
C:\USERS\XUNTER\DOCUMENTS\EDUCATION\MA_DISER\PRACTICE\THRESHOLDDECODING\CORE_LIBRARY\DEBUG\CODER.OBJ
C:\USERS\XUNTER\DOCUMENTS\EDUCATION\MA_DISER\PRACTICE\THRESHOLDDECODING\CORE_LIBRARY\DEBUG\CODERDEFINITIONS.OBJ
C:\USERS\XUNTER\DOCUMENTS\EDUCATION\MA_DISER\PRACTICE\THRESHOLDDECODING\CORE_LIBRARY\DEBUG\CONVSELFORTHCODER.OBJ
C:\USERS\XUNTER\DOCUMENTS\EDUCATION\MA_DISER\PRACTICE\THRESHOLDDECODING\CORE_LIBRARY\DEBUG\CORE_LIBRARY.OBJ
C:\Users\xunter\Documents\Education\ma_diser\practice\ThresholdDecoding\core_library\Debug\core_library.write.1.tlog
C:\USERS\XUNTER\DOCUMENTS\EDUCATION\MA_DISER\PRACTICE\THRESHOLDDECODING\CORE_LIBRARY\DEBUG\DATABLOCKGENERATOR.OBJ
C:\USERS\XUNTER\DOCUMENTS\EDUCATION\MA_DISER\PRACTICE\THRESHOLDDECODING\CORE_LIBRARY\DEBUG\FAKECODER.OBJ
C:\USERS\XUNTER\DOCUMENTS\EDUCATION\MA_DISER\PRACTICE\THRESHOLDDECODING\CORE_LIBRARY\DEBUG\GENERATINGPOLYNOM.OBJ
C:\USERS\XUNTER\DOCUMENTS\EDUCATION\MA_DISER\PRACTICE\THRESHOLDDECODING\CORE_LIBRARY\DEBUG\HEMMINGCODER.OBJ
C:\Users\xunter\Documents\Education\ma_diser\practice\ThresholdDecoding\core_library\Debug\lib.command.1.tlog
C:\Users\xunter\Documents\Education\ma_diser\practice\ThresholdDecoding\core_library\Debug\Lib-link.read.1.tlog
C:\Users\xunter\Documents\Education\ma_diser\practice\ThresholdDecoding\core_library\Debug\Lib-link.write.1.tlog
C:\Users\xunter\Documents\Education\ma_diser\practice\ThresholdDecoding\core_library\Debug\Lib-link-cvtres.read.1.tlog
C:\Users\xunter\Documents\Education\ma_diser\practice\ThresholdDecoding\core_library\Debug\Lib-link-cvtres.write.1.tlog
C:\USERS\XUNTER\DOCUMENTS\EDUCATION\MA_DISER\PRACTICE\THRESHOLDDECODING\CORE_LIBRARY\DEBUG\LOGGER.OBJ
C:\USERS\XUNTER\DOCUMENTS\EDUCATION\MA_DISER\PRACTICE\THRESHOLDDECODING\CORE_LIBRARY\DEBUG\MISCUTILS.OBJ
C:\USERS\XUNTER\DOCUMENTS\EDUCATION\MA_DISER\PRACTICE\THRESHOLDDECODING\CORE_LIBRARY\DEBUG\MODELINGENGINE.OBJ
C:\USERS\XUNTER\DOCUMENTS\EDUCATION\MA_DISER\PRACTICE\THRESHOLDDECODING\CORE_LIBRARY\DEBUG\MODELINGRESULTCONSOLEITEMSTORAGE.OBJ
C:\USERS\XUNTER\DOCUMENTS\EDUCATION\MA_DISER\PRACTICE\THRESHOLDDECODING\CORE_LIBRARY\DEBUG\MODELINGRESULTITEM.OBJ
C:\USERS\XUNTER\DOCUMENTS\EDUCATION\MA_DISER\PRACTICE\THRESHOLDDECODING\CORE_LIBRARY\DEBUG\MODELINGRESULTITEMSTORAGE.OBJ
C:\USERS\XUNTER\DOCUMENTS\EDUCATION\MA_DISER\PRACTICE\THRESHOLDDECODING\CORE_LIBRARY\DEBUG\PMATRIXCOLGENERATOR.OBJ
C:\USERS\XUNTER\DOCUMENTS\EDUCATION\MA_DISER\PRACTICE\THRESHOLDDECODING\CORE_LIBRARY\DEBUG\RANDOMDATABLOCKGENERATOR.OBJ
C:\Users\xunter\Documents\Education\ma_diser\practice\ThresholdDecoding\core_library\Debug\rc.command.1.tlog
C:\Users\xunter\Documents\Education\ma_diser\practice\ThresholdDecoding\core_library\Debug\rc.read.1.tlog
C:\Users\xunter\Documents\Education\ma_diser\practice\ThresholdDecoding\core_library\Debug\rc.write.1.tlog
C:\USERS\XUNTER\DOCUMENTS\EDUCATION\MA_DISER\PRACTICE\THRESHOLDDECODING\CORE_LIBRARY\DEBUG\STRINGUTILS.OBJ
C:\Users\xunter\Documents\Education\ma_diser\practice\ThresholdDecoding\core_library\Debug\vc100.idb
C:\USERS\XUNTER\DOCUMENTS\EDUCATION\MA_DISER\PRACTICE\THRESHOLDDECODING\CORE_LIBRARY\DEBUG\VC100.PDB
C:\USERS\XUNTER\DOCUMENTS\EDUCATION\MA_DISER\PRACTICE\THRESHOLDDECODING\CORE_LIBRARY\DEBUG\VECTORUTILS.OBJ
C:\USERS\XUNTER\DOCUMENTS\EDUCATION\MA_DISER\PRACTICE\THRESHOLDDECODING\DEBUG\CORE_LIBRARY.LIB
