Build started 10/18/2013 11:59:51 AM.
     1>Project "C:\Users\xunter\Documents\Education\ma_diser\practice\ThresholdDecoding\core_library\core_library.vcxproj" on node 2 (rebuild target(s)).
     1>_PrepareForClean:
         Deleting file "Debug\core_library.lastbuildstate".
       InitializeBuildStatus:
         Creating "Debug\core_library.unsuccessfulbuild" because "AlwaysCreate" was specified.
       ClCompile:
         C:\Program Files (x86)\Microsoft Visual Studio 10.0\VC\bin\CL.exe /c /ZI /nologo /W3 /WX- /Od /Oy- /D WIN32 /D _DEBUG /D _UNICODE /D UNICODE /Gm /EHsc /RTC1 /MDd /GS /fp:precise /Zc:wchar_t /Zc:forScope /Fo"Debug\\" /Fd"Debug\vc100.pdb" /Gd /TP /analyze- /errorReport:prompt BaseClass.cpp BinaryData.cpp BinaryMatrix.cpp BitDataBlockGenerator.cpp ByteUtil.cpp Coder.cpp core_library.cpp DataBlockGenerator.cpp FakeCoder.cpp HemmingCoder.cpp ModelingEngine.cpp ModelingResultConsoleItemStorage.cpp ModelingResultItem.cpp ModelingResultItemStorage.cpp PMatrixColGenerator.cpp RandomDataBlockGenerator.cpp StringUtils.cpp VectorUtils.cpp
         VectorUtils.cpp
         StringUtils.cpp
         RandomDataBlockGenerator.cpp
     1>c:\users\xunter\documents\education\ma_diser\practice\thresholddecoding\core_library\byteutil.h(39): warning C4091: 'static ' : ignored on left of 'ThresholdDecoding::ByteUtil' when no variable is declared
         PMatrixColGenerator.cpp
     1>c:\users\xunter\documents\education\ma_diser\practice\thresholddecoding\core_library\byteutil.h(39): warning C4091: 'static ' : ignored on left of 'ThresholdDecoding::ByteUtil' when no variable is declared
     1>c:\users\xunter\documents\education\ma_diser\practice\thresholddecoding\core_library\pmatrixcolgenerator.cpp(30): warning C4244: 'initializing' : conversion from 'double' to 'int', possible loss of data
         ModelingResultItemStorage.cpp
         ModelingResultItem.cpp
     1>c:\users\xunter\documents\education\ma_diser\practice\thresholddecoding\core_library\byteutil.h(39): warning C4091: 'static ' : ignored on left of 'ThresholdDecoding::ByteUtil' when no variable is declared
         ModelingResultConsoleItemStorage.cpp
     1>c:\users\xunter\documents\education\ma_diser\practice\thresholddecoding\core_library\byteutil.h(39): warning C4091: 'static ' : ignored on left of 'ThresholdDecoding::ByteUtil' when no variable is declared
         ModelingEngine.cpp
     1>c:\users\xunter\documents\education\ma_diser\practice\thresholddecoding\core_library\byteutil.h(39): warning C4091: 'static ' : ignored on left of 'ThresholdDecoding::ByteUtil' when no variable is declared
     1>c:\users\xunter\documents\education\ma_diser\practice\thresholddecoding\core_library\modelingengine.cpp(110): warning C4244: 'return' : conversion from 'float' to 'int', possible loss of data
         HemmingCoder.cpp
     1>c:\users\xunter\documents\education\ma_diser\practice\thresholddecoding\core_library\byteutil.h(39): warning C4091: 'static ' : ignored on left of 'ThresholdDecoding::ByteUtil' when no variable is declared
         FakeCoder.cpp
     1>c:\users\xunter\documents\education\ma_diser\practice\thresholddecoding\core_library\byteutil.h(39): warning C4091: 'static ' : ignored on left of 'ThresholdDecoding::ByteUtil' when no variable is declared
         DataBlockGenerator.cpp
     1>c:\users\xunter\documents\education\ma_diser\practice\thresholddecoding\core_library\byteutil.h(39): warning C4091: 'static ' : ignored on left of 'ThresholdDecoding::ByteUtil' when no variable is declared
         core_library.cpp
         Coder.cpp
     1>c:\users\xunter\documents\education\ma_diser\practice\thresholddecoding\core_library\byteutil.h(39): warning C4091: 'static ' : ignored on left of 'ThresholdDecoding::ByteUtil' when no variable is declared
         ByteUtil.cpp
     1>c:\users\xunter\documents\education\ma_diser\practice\thresholddecoding\core_library\byteutil.h(39): warning C4091: 'static ' : ignored on left of 'ThresholdDecoding::ByteUtil' when no variable is declared
     1>c:\users\xunter\documents\education\ma_diser\practice\thresholddecoding\core_library\byteutil.cpp(10): warning C4244: 'return' : conversion from 'float' to 'int', possible loss of data
         BitDataBlockGenerator.cpp
     1>c:\users\xunter\documents\education\ma_diser\practice\thresholddecoding\core_library\byteutil.h(39): warning C4091: 'static ' : ignored on left of 'ThresholdDecoding::ByteUtil' when no variable is declared
         BinaryMatrix.cpp
     1>c:\users\xunter\documents\education\ma_diser\practice\thresholddecoding\core_library\byteutil.h(39): warning C4091: 'static ' : ignored on left of 'ThresholdDecoding::ByteUtil' when no variable is declared
         BinaryData.cpp
         BaseClass.cpp
         Generating Code...
       ResourceCompile:
         C:\Program Files (x86)\Microsoft SDKs\Windows\v7.0A\bin\rc.exe /D _UNICODE /D UNICODE /l"0x0409" /nologo /fo"Debug\app.res" app.rc 
       Lib:
         C:\Program Files (x86)\Microsoft Visual Studio 10.0\VC\bin\Lib.exe /OUT:"C:\Users\xunter\Documents\Education\ma_diser\practice\ThresholdDecoding\Debug\core_library.lib" /NOLOGO Debug\app.res
         Debug\BaseClass.obj
         Debug\BinaryData.obj
         Debug\BinaryMatrix.obj
         Debug\BitDataBlockGenerator.obj
         Debug\ByteUtil.obj
         Debug\Coder.obj
         Debug\core_library.obj
         Debug\DataBlockGenerator.obj
         Debug\FakeCoder.obj
         Debug\HemmingCoder.obj
         Debug\ModelingEngine.obj
         Debug\ModelingResultConsoleItemStorage.obj
         Debug\ModelingResultItem.obj
         Debug\ModelingResultItemStorage.obj
         Debug\PMatrixColGenerator.obj
         Debug\RandomDataBlockGenerator.obj
         Debug\StringUtils.obj
         Debug\VectorUtils.obj
     1>LINK : warning LNK4068: /MACHINE not specified; defaulting to X86
     1>ModelingResultItemStorage.obj : warning LNK4221: This object file does not define any previously undefined public symbols, so it will not be used by any link operation that consumes this library
     1>core_library.obj : warning LNK4221: This object file does not define any previously undefined public symbols, so it will not be used by any link operation that consumes this library
         core_library.vcxproj -> C:\Users\xunter\Documents\Education\ma_diser\practice\ThresholdDecoding\Debug\core_library.lib
       FinalizeBuildStatus:
         Deleting file "Debug\core_library.unsuccessfulbuild".
         Touching "Debug\core_library.lastbuildstate".
     1>Done Building Project "C:\Users\xunter\Documents\Education\ma_diser\practice\ThresholdDecoding\core_library\core_library.vcxproj" (rebuild target(s)).

Build succeeded.

Time Elapsed 00:00:11.12
