C:\USERS\XUNTER\DOCUMENTS\EDUCATION\MA_DISER\PRACTICE\THRESHOLDDECODING\CORE_LIBRARY\RELEASE\APP.RES
C:\USERS\XUNTER\DOCUMENTS\EDUCATION\MA_DISER\PRACTICE\THRESHOLDDECODING\CORE_LIBRARY\RELEASE\BASECLASS.OBJ
C:\USERS\XUNTER\DOCUMENTS\EDUCATION\MA_DISER\PRACTICE\THRESHOLDDECODING\CORE_LIBRARY\RELEASE\BINARYDATA.OBJ
C:\USERS\XUNTER\DOCUMENTS\EDUCATION\MA_DISER\PRACTICE\THRESHOLDDECODING\CORE_LIBRARY\RELEASE\BINARYMATRIX.OBJ
C:\USERS\XUNTER\DOCUMENTS\EDUCATION\MA_DISER\PRACTICE\THRESHOLDDECODING\CORE_LIBRARY\RELEASE\BITDATABLOCKGENERATOR.OBJ
C:\USERS\XUNTER\DOCUMENTS\EDUCATION\MA_DISER\PRACTICE\THRESHOLDDECODING\CORE_LIBRARY\RELEASE\BYTEUTIL.OBJ
C:\Users\xunter\Documents\Education\ma_diser\practice\ThresholdDecoding\core_library\Release\cl.command.1.tlog
C:\Users\xunter\Documents\Education\ma_diser\practice\ThresholdDecoding\core_library\Release\CL.read.1.tlog
C:\Users\xunter\Documents\Education\ma_diser\practice\ThresholdDecoding\core_library\Release\CL.write.1.tlog
C:\USERS\XUNTER\DOCUMENTS\EDUCATION\MA_DISER\PRACTICE\THRESHOLDDECODING\CORE_LIBRARY\RELEASE\CODER.OBJ
C:\USERS\XUNTER\DOCUMENTS\EDUCATION\MA_DISER\PRACTICE\THRESHOLDDECODING\CORE_LIBRARY\RELEASE\CORE_LIBRARY.OBJ
C:\Users\xunter\Documents\Education\ma_diser\practice\ThresholdDecoding\core_library\Release\core_library.write.1.tlog
C:\USERS\XUNTER\DOCUMENTS\EDUCATION\MA_DISER\PRACTICE\THRESHOLDDECODING\CORE_LIBRARY\RELEASE\DATABLOCKGENERATOR.OBJ
C:\USERS\XUNTER\DOCUMENTS\EDUCATION\MA_DISER\PRACTICE\THRESHOLDDECODING\CORE_LIBRARY\RELEASE\FAKECODER.OBJ
C:\USERS\XUNTER\DOCUMENTS\EDUCATION\MA_DISER\PRACTICE\THRESHOLDDECODING\CORE_LIBRARY\RELEASE\HEMMINGCODER.OBJ
C:\Users\xunter\Documents\Education\ma_diser\practice\ThresholdDecoding\core_library\Release\lib.command.1.tlog
C:\Users\xunter\Documents\Education\ma_diser\practice\ThresholdDecoding\core_library\Release\Lib-link.read.1.tlog
C:\Users\xunter\Documents\Education\ma_diser\practice\ThresholdDecoding\core_library\Release\Lib-link.write.1.tlog
C:\Users\xunter\Documents\Education\ma_diser\practice\ThresholdDecoding\core_library\Release\Lib-link-cvtres.read.1.tlog
C:\Users\xunter\Documents\Education\ma_diser\practice\ThresholdDecoding\core_library\Release\Lib-link-cvtres.write.1.tlog
C:\USERS\XUNTER\DOCUMENTS\EDUCATION\MA_DISER\PRACTICE\THRESHOLDDECODING\CORE_LIBRARY\RELEASE\MODELINGENGINE.OBJ
C:\USERS\XUNTER\DOCUMENTS\EDUCATION\MA_DISER\PRACTICE\THRESHOLDDECODING\CORE_LIBRARY\RELEASE\MODELINGRESULTCONSOLEITEMSTORAGE.OBJ
C:\USERS\XUNTER\DOCUMENTS\EDUCATION\MA_DISER\PRACTICE\THRESHOLDDECODING\CORE_LIBRARY\RELEASE\MODELINGRESULTITEM.OBJ
C:\USERS\XUNTER\DOCUMENTS\EDUCATION\MA_DISER\PRACTICE\THRESHOLDDECODING\CORE_LIBRARY\RELEASE\MODELINGRESULTITEMSTORAGE.OBJ
C:\USERS\XUNTER\DOCUMENTS\EDUCATION\MA_DISER\PRACTICE\THRESHOLDDECODING\CORE_LIBRARY\RELEASE\PMATRIXCOLGENERATOR.OBJ
C:\USERS\XUNTER\DOCUMENTS\EDUCATION\MA_DISER\PRACTICE\THRESHOLDDECODING\CORE_LIBRARY\RELEASE\RANDOMDATABLOCKGENERATOR.OBJ
C:\Users\xunter\Documents\Education\ma_diser\practice\ThresholdDecoding\core_library\Release\rc.command.1.tlog
C:\Users\xunter\Documents\Education\ma_diser\practice\ThresholdDecoding\core_library\Release\rc.read.1.tlog
C:\Users\xunter\Documents\Education\ma_diser\practice\ThresholdDecoding\core_library\Release\rc.write.1.tlog
C:\USERS\XUNTER\DOCUMENTS\EDUCATION\MA_DISER\PRACTICE\THRESHOLDDECODING\CORE_LIBRARY\RELEASE\STRINGUTILS.OBJ
C:\USERS\XUNTER\DOCUMENTS\EDUCATION\MA_DISER\PRACTICE\THRESHOLDDECODING\CORE_LIBRARY\RELEASE\VC100.PDB
C:\USERS\XUNTER\DOCUMENTS\EDUCATION\MA_DISER\PRACTICE\THRESHOLDDECODING\CORE_LIBRARY\RELEASE\VECTORUTILS.OBJ
C:\USERS\XUNTER\DOCUMENTS\EDUCATION\MA_DISER\PRACTICE\THRESHOLDDECODING\RELEASE\CORE_LIBRARY.LIB
