C:\Users\xunter\Documents\Education\ma_diser\practice\ThresholdDecoding\ConvSelfOrthCodeModelingTool\Debug\cl.command.1.tlog
C:\Users\xunter\Documents\Education\ma_diser\practice\ThresholdDecoding\ConvSelfOrthCodeModelingTool\Debug\CL.read.1.tlog
C:\Users\xunter\Documents\Education\ma_diser\practice\ThresholdDecoding\ConvSelfOrthCodeModelingTool\Debug\CL.write.1.tlog
C:\USERS\XUNTER\DOCUMENTS\EDUCATION\MA_DISER\PRACTICE\THRESHOLDDECODING\CONVSELFORTHCODEMODELINGTOOL\DEBUG\CONVSELFORTHCODEMODELINGTOOL.EXE.EMBED.MANIFEST
C:\USERS\XUNTER\DOCUMENTS\EDUCATION\MA_DISER\PRACTICE\THRESHOLDDECODING\CONVSELFORTHCODEMODELINGTOOL\DEBUG\CONVSELFORTHCODEMODELINGTOOL.EXE.EMBED.MANIFEST.RES
C:\USERS\XUNTER\DOCUMENTS\EDUCATION\MA_DISER\PRACTICE\THRESHOLDDECODING\CONVSELFORTHCODEMODELINGTOOL\DEBUG\CONVSELFORTHCODEMODELINGTOOL.EXE.INTERMEDIATE.MANIFEST
C:\USERS\XUNTER\DOCUMENTS\EDUCATION\MA_DISER\PRACTICE\THRESHOLDDECODING\CONVSELFORTHCODEMODELINGTOOL\DEBUG\CONVSELFORTHCODEMODELINGTOOL.OBJ
C:\USERS\XUNTER\DOCUMENTS\EDUCATION\MA_DISER\PRACTICE\THRESHOLDDECODING\CONVSELFORTHCODEMODELINGTOOL\DEBUG\CONVSELFORTHCODEMODELINGTOOL.PCH
C:\Users\xunter\Documents\Education\ma_diser\practice\ThresholdDecoding\ConvSelfOrthCodeModelingTool\Debug\ConvSelfOrthCodeModelingTool.write.1.tlog
C:\Users\xunter\Documents\Education\ma_diser\practice\ThresholdDecoding\ConvSelfOrthCodeModelingTool\Debug\ConvSelfOrthCodeModelingTool_manifest.rc
C:\USERS\XUNTER\DOCUMENTS\EDUCATION\MA_DISER\PRACTICE\THRESHOLDDECODING\CONVSELFORTHCODEMODELINGTOOL\DEBUG\CONVSELFORTHCODER.OBJ
C:\USERS\XUNTER\DOCUMENTS\EDUCATION\MA_DISER\PRACTICE\THRESHOLDDECODING\CONVSELFORTHCODEMODELINGTOOL\DEBUG\GENERATINGPOLYNOM.OBJ
C:\Users\xunter\Documents\Education\ma_diser\practice\ThresholdDecoding\ConvSelfOrthCodeModelingTool\Debug\link.11208.read.1.tlog
C:\Users\xunter\Documents\Education\ma_diser\practice\ThresholdDecoding\ConvSelfOrthCodeModelingTool\Debug\link.11208.write.1.tlog
C:\Users\xunter\Documents\Education\ma_diser\practice\ThresholdDecoding\ConvSelfOrthCodeModelingTool\Debug\link.11208-cvtres.read.1.tlog
C:\Users\xunter\Documents\Education\ma_diser\practice\ThresholdDecoding\ConvSelfOrthCodeModelingTool\Debug\link.11208-cvtres.write.1.tlog
C:\Users\xunter\Documents\Education\ma_diser\practice\ThresholdDecoding\ConvSelfOrthCodeModelingTool\Debug\link.11356.read.1.tlog
C:\Users\xunter\Documents\Education\ma_diser\practice\ThresholdDecoding\ConvSelfOrthCodeModelingTool\Debug\link.11356.write.1.tlog
C:\Users\xunter\Documents\Education\ma_diser\practice\ThresholdDecoding\ConvSelfOrthCodeModelingTool\Debug\link.11356-cvtres.read.1.tlog
C:\Users\xunter\Documents\Education\ma_diser\practice\ThresholdDecoding\ConvSelfOrthCodeModelingTool\Debug\link.11356-cvtres.write.1.tlog
C:\Users\xunter\Documents\Education\ma_diser\practice\ThresholdDecoding\ConvSelfOrthCodeModelingTool\Debug\link.12064.read.1.tlog
C:\Users\xunter\Documents\Education\ma_diser\practice\ThresholdDecoding\ConvSelfOrthCodeModelingTool\Debug\link.12064.write.1.tlog
C:\Users\xunter\Documents\Education\ma_diser\practice\ThresholdDecoding\ConvSelfOrthCodeModelingTool\Debug\link.12064-cvtres.read.1.tlog
C:\Users\xunter\Documents\Education\ma_diser\practice\ThresholdDecoding\ConvSelfOrthCodeModelingTool\Debug\link.12064-cvtres.write.1.tlog
C:\Users\xunter\Documents\Education\ma_diser\practice\ThresholdDecoding\ConvSelfOrthCodeModelingTool\Debug\link.12232.read.1.tlog
C:\Users\xunter\Documents\Education\ma_diser\practice\ThresholdDecoding\ConvSelfOrthCodeModelingTool\Debug\link.12232.write.1.tlog
C:\Users\xunter\Documents\Education\ma_diser\practice\ThresholdDecoding\ConvSelfOrthCodeModelingTool\Debug\link.12232-cvtres.read.1.tlog
C:\Users\xunter\Documents\Education\ma_diser\practice\ThresholdDecoding\ConvSelfOrthCodeModelingTool\Debug\link.12232-cvtres.write.1.tlog
C:\Users\xunter\Documents\Education\ma_diser\practice\ThresholdDecoding\ConvSelfOrthCodeModelingTool\Debug\link.2508.read.1.tlog
C:\Users\xunter\Documents\Education\ma_diser\practice\ThresholdDecoding\ConvSelfOrthCodeModelingTool\Debug\link.2508.write.1.tlog
C:\Users\xunter\Documents\Education\ma_diser\practice\ThresholdDecoding\ConvSelfOrthCodeModelingTool\Debug\link.2508-cvtres.read.1.tlog
C:\Users\xunter\Documents\Education\ma_diser\practice\ThresholdDecoding\ConvSelfOrthCodeModelingTool\Debug\link.2508-cvtres.write.1.tlog
C:\Users\xunter\Documents\Education\ma_diser\practice\ThresholdDecoding\ConvSelfOrthCodeModelingTool\Debug\link.2620.read.1.tlog
C:\Users\xunter\Documents\Education\ma_diser\practice\ThresholdDecoding\ConvSelfOrthCodeModelingTool\Debug\link.2620.write.1.tlog
C:\Users\xunter\Documents\Education\ma_diser\practice\ThresholdDecoding\ConvSelfOrthCodeModelingTool\Debug\link.2620-cvtres.read.1.tlog
C:\Users\xunter\Documents\Education\ma_diser\practice\ThresholdDecoding\ConvSelfOrthCodeModelingTool\Debug\link.2620-cvtres.write.1.tlog
C:\Users\xunter\Documents\Education\ma_diser\practice\ThresholdDecoding\ConvSelfOrthCodeModelingTool\Debug\link.3948.read.1.tlog
C:\Users\xunter\Documents\Education\ma_diser\practice\ThresholdDecoding\ConvSelfOrthCodeModelingTool\Debug\link.3948.write.1.tlog
C:\Users\xunter\Documents\Education\ma_diser\practice\ThresholdDecoding\ConvSelfOrthCodeModelingTool\Debug\link.3948-cvtres.read.1.tlog
C:\Users\xunter\Documents\Education\ma_diser\practice\ThresholdDecoding\ConvSelfOrthCodeModelingTool\Debug\link.3948-cvtres.write.1.tlog
C:\Users\xunter\Documents\Education\ma_diser\practice\ThresholdDecoding\ConvSelfOrthCodeModelingTool\Debug\link.4288.read.1.tlog
C:\Users\xunter\Documents\Education\ma_diser\practice\ThresholdDecoding\ConvSelfOrthCodeModelingTool\Debug\link.4288.write.1.tlog
C:\Users\xunter\Documents\Education\ma_diser\practice\ThresholdDecoding\ConvSelfOrthCodeModelingTool\Debug\link.4288-cvtres.read.1.tlog
C:\Users\xunter\Documents\Education\ma_diser\practice\ThresholdDecoding\ConvSelfOrthCodeModelingTool\Debug\link.4288-cvtres.write.1.tlog
C:\Users\xunter\Documents\Education\ma_diser\practice\ThresholdDecoding\ConvSelfOrthCodeModelingTool\Debug\link.5492.read.1.tlog
C:\Users\xunter\Documents\Education\ma_diser\practice\ThresholdDecoding\ConvSelfOrthCodeModelingTool\Debug\link.5492.write.1.tlog
C:\Users\xunter\Documents\Education\ma_diser\practice\ThresholdDecoding\ConvSelfOrthCodeModelingTool\Debug\link.5492-cvtres.read.1.tlog
C:\Users\xunter\Documents\Education\ma_diser\practice\ThresholdDecoding\ConvSelfOrthCodeModelingTool\Debug\link.5492-cvtres.write.1.tlog
C:\Users\xunter\Documents\Education\ma_diser\practice\ThresholdDecoding\ConvSelfOrthCodeModelingTool\Debug\link.6648.read.1.tlog
C:\Users\xunter\Documents\Education\ma_diser\practice\ThresholdDecoding\ConvSelfOrthCodeModelingTool\Debug\link.6648.write.1.tlog
C:\Users\xunter\Documents\Education\ma_diser\practice\ThresholdDecoding\ConvSelfOrthCodeModelingTool\Debug\link.6648-cvtres.read.1.tlog
C:\Users\xunter\Documents\Education\ma_diser\practice\ThresholdDecoding\ConvSelfOrthCodeModelingTool\Debug\link.6648-cvtres.write.1.tlog
C:\Users\xunter\Documents\Education\ma_diser\practice\ThresholdDecoding\ConvSelfOrthCodeModelingTool\Debug\link.7228.read.1.tlog
C:\Users\xunter\Documents\Education\ma_diser\practice\ThresholdDecoding\ConvSelfOrthCodeModelingTool\Debug\link.7228.write.1.tlog
C:\Users\xunter\Documents\Education\ma_diser\practice\ThresholdDecoding\ConvSelfOrthCodeModelingTool\Debug\link.7228-cvtres.read.1.tlog
C:\Users\xunter\Documents\Education\ma_diser\practice\ThresholdDecoding\ConvSelfOrthCodeModelingTool\Debug\link.7228-cvtres.write.1.tlog
C:\Users\xunter\Documents\Education\ma_diser\practice\ThresholdDecoding\ConvSelfOrthCodeModelingTool\Debug\link.8292.read.1.tlog
C:\Users\xunter\Documents\Education\ma_diser\practice\ThresholdDecoding\ConvSelfOrthCodeModelingTool\Debug\link.8292.write.1.tlog
C:\Users\xunter\Documents\Education\ma_diser\practice\ThresholdDecoding\ConvSelfOrthCodeModelingTool\Debug\link.8292-cvtres.read.1.tlog
C:\Users\xunter\Documents\Education\ma_diser\practice\ThresholdDecoding\ConvSelfOrthCodeModelingTool\Debug\link.8292-cvtres.write.1.tlog
C:\Users\xunter\Documents\Education\ma_diser\practice\ThresholdDecoding\ConvSelfOrthCodeModelingTool\Debug\link.8612.read.1.tlog
C:\Users\xunter\Documents\Education\ma_diser\practice\ThresholdDecoding\ConvSelfOrthCodeModelingTool\Debug\link.8612.write.1.tlog
C:\Users\xunter\Documents\Education\ma_diser\practice\ThresholdDecoding\ConvSelfOrthCodeModelingTool\Debug\link.8612-cvtres.read.1.tlog
C:\Users\xunter\Documents\Education\ma_diser\practice\ThresholdDecoding\ConvSelfOrthCodeModelingTool\Debug\link.8612-cvtres.write.1.tlog
C:\Users\xunter\Documents\Education\ma_diser\practice\ThresholdDecoding\ConvSelfOrthCodeModelingTool\Debug\link.8744.read.1.tlog
C:\Users\xunter\Documents\Education\ma_diser\practice\ThresholdDecoding\ConvSelfOrthCodeModelingTool\Debug\link.8744.write.1.tlog
C:\Users\xunter\Documents\Education\ma_diser\practice\ThresholdDecoding\ConvSelfOrthCodeModelingTool\Debug\link.8744-cvtres.read.1.tlog
C:\Users\xunter\Documents\Education\ma_diser\practice\ThresholdDecoding\ConvSelfOrthCodeModelingTool\Debug\link.8744-cvtres.write.1.tlog
C:\Users\xunter\Documents\Education\ma_diser\practice\ThresholdDecoding\ConvSelfOrthCodeModelingTool\Debug\link.9236.read.1.tlog
C:\Users\xunter\Documents\Education\ma_diser\practice\ThresholdDecoding\ConvSelfOrthCodeModelingTool\Debug\link.9236.write.1.tlog
C:\Users\xunter\Documents\Education\ma_diser\practice\ThresholdDecoding\ConvSelfOrthCodeModelingTool\Debug\link.9236-cvtres.read.1.tlog
C:\Users\xunter\Documents\Education\ma_diser\practice\ThresholdDecoding\ConvSelfOrthCodeModelingTool\Debug\link.9236-cvtres.write.1.tlog
C:\Users\xunter\Documents\Education\ma_diser\practice\ThresholdDecoding\ConvSelfOrthCodeModelingTool\Debug\link.command.1.tlog
C:\Users\xunter\Documents\Education\ma_diser\practice\ThresholdDecoding\ConvSelfOrthCodeModelingTool\Debug\link.read.1.tlog
C:\Users\xunter\Documents\Education\ma_diser\practice\ThresholdDecoding\ConvSelfOrthCodeModelingTool\Debug\link.write.1.tlog
C:\Users\xunter\Documents\Education\ma_diser\practice\ThresholdDecoding\ConvSelfOrthCodeModelingTool\Debug\link-cvtres.read.1.tlog
C:\Users\xunter\Documents\Education\ma_diser\practice\ThresholdDecoding\ConvSelfOrthCodeModelingTool\Debug\link-cvtres.write.1.tlog
C:\Users\xunter\Documents\Education\ma_diser\practice\ThresholdDecoding\ConvSelfOrthCodeModelingTool\Debug\mt.command.1.tlog
C:\Users\xunter\Documents\Education\ma_diser\practice\ThresholdDecoding\ConvSelfOrthCodeModelingTool\Debug\mt.read.1.tlog
C:\Users\xunter\Documents\Education\ma_diser\practice\ThresholdDecoding\ConvSelfOrthCodeModelingTool\Debug\mt.write.1.tlog
C:\Users\xunter\Documents\Education\ma_diser\practice\ThresholdDecoding\ConvSelfOrthCodeModelingTool\Debug\rc.command.1.tlog
C:\Users\xunter\Documents\Education\ma_diser\practice\ThresholdDecoding\ConvSelfOrthCodeModelingTool\Debug\rc.read.1.tlog
C:\Users\xunter\Documents\Education\ma_diser\practice\ThresholdDecoding\ConvSelfOrthCodeModelingTool\Debug\rc.write.1.tlog
C:\USERS\XUNTER\DOCUMENTS\EDUCATION\MA_DISER\PRACTICE\THRESHOLDDECODING\CONVSELFORTHCODEMODELINGTOOL\DEBUG\STDAFX.OBJ
C:\Users\xunter\Documents\Education\ma_diser\practice\ThresholdDecoding\ConvSelfOrthCodeModelingTool\Debug\vc100.idb
C:\USERS\XUNTER\DOCUMENTS\EDUCATION\MA_DISER\PRACTICE\THRESHOLDDECODING\CONVSELFORTHCODEMODELINGTOOL\DEBUG\VC100.PDB
C:\USERS\XUNTER\DOCUMENTS\EDUCATION\MA_DISER\PRACTICE\THRESHOLDDECODING\DEBUG\CONVSELFORTHCODEMODELINGTOOL.EXE
C:\USERS\XUNTER\DOCUMENTS\EDUCATION\MA_DISER\PRACTICE\THRESHOLDDECODING\DEBUG\CONVSELFORTHCODEMODELINGTOOL.ILK
C:\USERS\XUNTER\DOCUMENTS\EDUCATION\MA_DISER\PRACTICE\THRESHOLDDECODING\DEBUG\CONVSELFORTHCODEMODELINGTOOL.PDB
